# JRE version: Java(TM) SE Runtime Environment (8.0_20-b26) (build 1.8.0_20-b26)
# Java VM: Java HotSpot(TM) 64-Bit Server VM (25.20-b23 mixed mode linux-amd64 compressed oops)
Heap:
 def new generation   total 63296K, used 0K [0x00000000c0000000, 0x00000000c44a0000, 0x00000000d5550000)
  eden space 56320K,   0% used [0x00000000c0000000, 0x00000000c0000000, 0x00000000c3700000)
  from space 6976K,   0% used [0x00000000c3700000, 0x00000000c3700000, 0x00000000c3dd0000)
  to   space 6976K,   0% used [0x00000000c3dd0000, 0x00000000c3dd0000, 0x00000000c44a0000)
 tenured generation   total 145944K, used 138682K [0x00000000d5550000, 0x00000000de3d6000, 0x0000000100000000)
   the space 145944K,  95% used [0x00000000d5550000, 0x00000000ddcbe920, 0x00000000ddcbea00, 0x00000000de3d6000)
 Metaspace       used 83607K, capacity 89416K, committed 89728K, reserved 1126400K
  class space    used 11325K, capacity 13316K, committed 13440K, reserved 1048576K
GC Heap History (10 events):
Event: 2730,723 GC heap after
Heap after GC invocations=140 (full 7):
 def new generation   total 63296K, used 6976K [0x00000000c0000000, 0x00000000c44a0000, 0x00000000d5550000)
  eden space 56320K,   0% used [0x00000000c0000000, 0x00000000c0000000, 0x00000000c3700000)
  from space 6976K, 100% used [0x00000000c3dd0000, 0x00000000c44a0000, 0x00000000c44a0000)
  to   space 6976K,   0% used [0x00000000c3700000, 0x00000000c3700000, 0x00000000c3dd0000)
 tenured generation   total 140376K, used 111938K [0x00000000d5550000, 0x00000000dde66000, 0x0000000100000000)
   the space 140376K,  79% used [0x00000000d5550000, 0x00000000dc2a09c0, 0x00000000dc2a0a00, 0x00000000dde66000)
 Metaspace       used 74302K, capacity 79348K, committed 79616K, reserved 1118208K
  class space    used 9997K, capacity 11731K, committed 11776K, reserved 1048576K
}
Event: 2731,841 GC heap before
{Heap before GC invocations=140 (full 7):
 def new generation   total 63296K, used 63296K [0x00000000c0000000, 0x00000000c44a0000, 0x00000000d5550000)
  eden space 56320K, 100% used [0x00000000c0000000, 0x00000000c3700000, 0x00000000c3700000)
  from space 6976K, 100% used [0x00000000c3dd0000, 0x00000000c44a0000, 0x00000000c44a0000)
  to   space 6976K,   0% used [0x00000000c3700000, 0x00000000c3700000, 0x00000000c3dd0000)
 tenured generation   total 140376K, used 111938K [0x00000000d5550000, 0x00000000dde66000, 0x0000000100000000)
   the space 140376K,  79% used [0x00000000d5550000, 0x00000000dc2a09c0, 0x00000000dc2a0a00, 0x00000000dde66000)
 Metaspace       used 76034K, capacity 81204K, committed 81536K, reserved 1118208K
  class space    used 10278K, capacity 12043K, committed 12160K, reserved 1048576K
Event: 2731,922 GC heap after
Heap after GC invocations=141 (full 7):
 def new generation   total 63296K, used 6976K [0x00000000c0000000, 0x00000000c44a0000, 0x00000000d5550000)
  eden space 56320K,   0% used [0x00000000c0000000, 0x00000000c0000000, 0x00000000c3700000)
  from space 6976K, 100% used [0x00000000c3700000, 0x00000000c3dd0000, 0x00000000c3dd0000)
  to   space 6976K,   0% used [0x00000000c3dd0000, 0x00000000c3dd0000, 0x00000000c44a0000)
 tenured generation   total 140376K, used 120565K [0x00000000d5550000, 0x00000000dde66000, 0x0000000100000000)
   the space 140376K,  85% used [0x00000000d5550000, 0x00000000dcb0d660, 0x00000000dcb0d800, 0x00000000dde66000)
 Metaspace       used 76034K, capacity 81204K, committed 81536K, reserved 1118208K
  class space    used 10278K, capacity 12043K, committed 12160K, reserved 1048576K
}
Event: 2741,624 GC heap before
{Heap before GC invocations=141 (full 7):
 def new generation   total 63296K, used 63296K [0x00000000c0000000, 0x00000000c44a0000, 0x00000000d5550000)
  eden space 56320K, 100% used [0x00000000c0000000, 0x00000000c3700000, 0x00000000c3700000)
  from space 6976K, 100% used [0x00000000c3700000, 0x00000000c3dd0000, 0x00000000c3dd0000)
  to   space 6976K,   0% used [0x00000000c3dd0000, 0x00000000c3dd0000, 0x00000000c44a0000)
 tenured generation   total 140376K, used 120565K [0x00000000d5550000, 0x00000000dde66000, 0x0000000100000000)
   the space 140376K,  85% used [0x00000000d5550000, 0x00000000dcb0d660, 0x00000000dcb0d800, 0x00000000dde66000)
 Metaspace       used 77397K, capacity 82658K, committed 82944K, reserved 1120256K
  class space    used 10436K, capacity 12225K, committed 12288K, reserved 1048576K
Event: 2741,674 GC heap after
Heap after GC invocations=142 (full 7):
 def new generation   total 63296K, used 5124K [0x00000000c0000000, 0x00000000c44a0000, 0x00000000d5550000)
  eden space 56320K,   0% used [0x00000000c0000000, 0x00000000c0000000, 0x00000000c3700000)
  from space 6976K,  73% used [0x00000000c3dd0000, 0x00000000c42d1100, 0x00000000c44a0000)
  to   space 6976K,   0% used [0x00000000c3700000, 0x00000000c3700000, 0x00000000c3dd0000)
 tenured generation   total 140376K, used 127495K [0x00000000d5550000, 0x00000000dde66000, 0x0000000100000000)
   the space 140376K,  90% used [0x00000000d5550000, 0x00000000dd1d1f58, 0x00000000dd1d2000, 0x00000000dde66000)
 Metaspace       used 77397K, capacity 82658K, committed 82944K, reserved 1120256K
  class space    used 10436K, capacity 12225K, committed 12288K, reserved 1048576K
}
Event: 2825,431 GC heap before
{Heap before GC invocations=142 (full 7):
 def new generation   total 63296K, used 61444K [0x00000000c0000000, 0x00000000c44a0000, 0x00000000d5550000)
  eden space 56320K, 100% used [0x00000000c0000000, 0x00000000c3700000, 0x00000000c3700000)
  from space 6976K,  73% used [0x00000000c3dd0000, 0x00000000c42d1100, 0x00000000c44a0000)
  to   space 6976K,   0% used [0x00000000c3700000, 0x00000000c3700000, 0x00000000c3dd0000)
 tenured generation   total 140376K, used 127495K [0x00000000d5550000, 0x00000000dde66000, 0x0000000100000000)
   the space 140376K,  90% used [0x00000000d5550000, 0x00000000dd1d1f58, 0x00000000dd1d2000, 0x00000000dde66000)
 Metaspace       used 79569K, capacity 85180K, committed 85376K, reserved 1122304K
  class space    used 10723K, capacity 12643K, committed 12672K, reserved 1048576K
Event: 2825,468 GC heap after
Heap after GC invocations=143 (full 7):
 def new generation   total 63296K, used 6374K [0x00000000c0000000, 0x00000000c44a0000, 0x00000000d5550000)
  eden space 56320K,   0% used [0x00000000c0000000, 0x00000000c0000000, 0x00000000c3700000)
  from space 6976K,  91% used [0x00000000c3700000, 0x00000000c3d39a28, 0x00000000c3dd0000)
  to   space 6976K,   0% used [0x00000000c3dd0000, 0x00000000c3dd0000, 0x00000000c44a0000)
 tenured generation   total 140376K, used 131360K [0x00000000d5550000, 0x00000000dde66000, 0x0000000100000000)
   the space 140376K,  93% used [0x00000000d5550000, 0x00000000dd598348, 0x00000000dd598400, 0x00000000dde66000)
 Metaspace       used 79569K, capacity 85180K, committed 85376K, reserved 1122304K
  class space    used 10723K, capacity 12643K, committed 12672K, reserved 1048576K
}
Event: 2826,506 GC heap before
{Heap before GC invocations=143 (full 7):
 def new generation   total 63296K, used 62694K [0x00000000c0000000, 0x00000000c44a0000, 0x00000000d5550000)
  eden space 56320K, 100% used [0x00000000c0000000, 0x00000000c3700000, 0x00000000c3700000)
  from space 6976K,  91% used [0x00000000c3700000, 0x00000000c3d39a28, 0x00000000c3dd0000)
  to   space 6976K,   0% used [0x00000000c3dd0000, 0x00000000c3dd0000, 0x00000000c44a0000)
 tenured generation   total 140376K, used 131360K [0x00000000d5550000, 0x00000000dde66000, 0x0000000100000000)
   the space 140376K,  93% used [0x00000000d5550000, 0x00000000dd598348, 0x00000000dd598400, 0x00000000dde66000)
 Metaspace       used 81644K, capacity 87276K, committed 87552K, reserved 1124352K
  class space    used 11011K, capacity 12964K, committed 13056K, reserved 1048576K
Event: 2826,571 GC heap after
Heap after GC invocations=144 (full 7):
 def new generation   total 63296K, used 6976K [0x00000000c0000000, 0x00000000c44a0000, 0x00000000d5550000)
  eden space 56320K,   0% used [0x00000000c0000000, 0x00000000c0000000, 0x00000000c3700000)
  from space 6976K, 100% used [0x00000000c3dd0000, 0x00000000c44a0000, 0x00000000c44a0000)
  to   space 6976K,   0% used [0x00000000c3700000, 0x00000000c3700000, 0x00000000c3dd0000)
 tenured generation   total 140376K, used 137393K [0x00000000d5550000, 0x00000000dde66000, 0x0000000100000000)
   the space 140376K,  97% used [0x00000000d5550000, 0x00000000ddb7c5f8, 0x00000000ddb7c600, 0x00000000dde66000)
 Metaspace       used 81644K, capacity 87276K, committed 87552K, reserved 1124352K
  class space    used 11011K, capacity 12964K, committed 13056K, reserved 1048576K
}
Event: 2827,592 GC heap before
{Heap before GC invocations=144 (full 7):
 def new generation   total 63296K, used 63296K [0x00000000c0000000, 0x00000000c44a0000, 0x00000000d5550000)
  eden space 56320K, 100% used [0x00000000c0000000, 0x00000000c3700000, 0x00000000c3700000)
  from space 6976K, 100% used [0x00000000c3dd0000, 0x00000000c44a0000, 0x00000000c44a0000)
  to   space 6976K,   0% used [0x00000000c3700000, 0x00000000c3700000, 0x00000000c3dd0000)
 tenured generation   total 140376K, used 137393K [0x00000000d5550000, 0x00000000dde66000, 0x0000000100000000)
   the space 140376K,  97% used [0x00000000d5550000, 0x00000000ddb7c5f8, 0x00000000ddb7c600, 0x00000000dde66000)
 Metaspace       used 83607K, capacity 89416K, committed 89728K, reserved 1126400K
  class space    used 11325K, capacity 13316K, committed 13440K, reserved 1048576K

