# JRE version: Java(TM) SE Runtime Environment (8.0_20-b26) (build 1.8.0_20-b26)
# Java VM: Java HotSpot(TM) 64-Bit Server VM (25.20-b23 mixed mode linux-amd64 compressed oops)
Heap:
 def new generation   total 81344K, used 6751K [0x00000000c0000000, 0x00000000c5840000, 0x00000000d5550000)
  eden space 72320K,   9% used [0x00000000c0000000, 0x00000000c0697fa8, 0x00000000c46a0000)
  from space 9024K,   0% used [0x00000000c4f70000, 0x00000000c4f70000, 0x00000000c5840000)
  to   space 9024K,   0% used [0x00000000c46a0000, 0x00000000c46a0000, 0x00000000c4f70000)
 tenured generation   total 182020K, used 182019K [0x00000000d5550000, 0x00000000e0711000, 0x0000000100000000)
   the space 182020K,  99% used [0x00000000d5550000, 0x00000000e0710ff8, 0x00000000e0711000, 0x00000000e0711000)
 Metaspace       used 96876K, capacity 104406K, committed 104704K, reserved 1138688K
  class space    used 13245K, capacity 15849K, committed 15872K, reserved 1048576K
GC Heap History (10 events):
Event: 8133,710 GC heap after
Heap after GC invocations=80 (full 8):
 def new generation   total 81344K, used 9024K [0x00000000c0000000, 0x00000000c5840000, 0x00000000d5550000)
  eden space 72320K,   0% used [0x00000000c0000000, 0x00000000c0000000, 0x00000000c46a0000)
  from space 9024K, 100% used [0x00000000c46a0000, 0x00000000c4f70000, 0x00000000c4f70000)
  to   space 9024K,   0% used [0x00000000c4f70000, 0x00000000c4f70000, 0x00000000c5840000)
 tenured generation   total 180676K, used 136621K [0x00000000d5550000, 0x00000000e05c1000, 0x0000000100000000)
   the space 180676K,  75% used [0x00000000d5550000, 0x00000000ddabb430, 0x00000000ddabb600, 0x00000000e05c1000)
 Metaspace       used 84870K, capacity 90892K, committed 91008K, reserved 1126400K
  class space    used 11533K, capacity 13655K, committed 13696K, reserved 1048576K
}
Event: 8169,172 GC heap before
{Heap before GC invocations=80 (full 8):
 def new generation   total 81344K, used 81344K [0x00000000c0000000, 0x00000000c5840000, 0x00000000d5550000)
  eden space 72320K, 100% used [0x00000000c0000000, 0x00000000c46a0000, 0x00000000c46a0000)
  from space 9024K, 100% used [0x00000000c46a0000, 0x00000000c4f70000, 0x00000000c4f70000)
  to   space 9024K,   0% used [0x00000000c4f70000, 0x00000000c4f70000, 0x00000000c5840000)
 tenured generation   total 180676K, used 136621K [0x00000000d5550000, 0x00000000e05c1000, 0x0000000100000000)
   the space 180676K,  75% used [0x00000000d5550000, 0x00000000ddabb430, 0x00000000ddabb600, 0x00000000e05c1000)
 Metaspace       used 86785K, capacity 93156K, committed 93440K, reserved 1128448K
  class space    used 11842K, capacity 14001K, committed 14080K, reserved 1048576K
Event: 8169,310 GC heap after
Heap after GC invocations=81 (full 8):
 def new generation   total 81344K, used 7954K [0x00000000c0000000, 0x00000000c5840000, 0x00000000d5550000)
  eden space 72320K,   0% used [0x00000000c0000000, 0x00000000c0000000, 0x00000000c46a0000)
  from space 9024K,  88% used [0x00000000c4f70000, 0x00000000c57348a0, 0x00000000c5840000)
  to   space 9024K,   0% used [0x00000000c46a0000, 0x00000000c46a0000, 0x00000000c4f70000)
 tenured generation   total 180676K, used 145635K [0x00000000d5550000, 0x00000000e05c1000, 0x0000000100000000)
   the space 180676K,  80% used [0x00000000d5550000, 0x00000000de388cd8, 0x00000000de388e00, 0x00000000e05c1000)
 Metaspace       used 86785K, capacity 93156K, committed 93440K, reserved 1128448K
  class space    used 11842K, capacity 14001K, committed 14080K, reserved 1048576K
}
Event: 8171,097 GC heap before
{Heap before GC invocations=81 (full 8):
 def new generation   total 81344K, used 80274K [0x00000000c0000000, 0x00000000c5840000, 0x00000000d5550000)
  eden space 72320K, 100% used [0x00000000c0000000, 0x00000000c46a0000, 0x00000000c46a0000)
  from space 9024K,  88% used [0x00000000c4f70000, 0x00000000c57348a0, 0x00000000c5840000)
  to   space 9024K,   0% used [0x00000000c46a0000, 0x00000000c46a0000, 0x00000000c4f70000)
 tenured generation   total 180676K, used 145635K [0x00000000d5550000, 0x00000000e05c1000, 0x0000000100000000)
   the space 180676K,  80% used [0x00000000d5550000, 0x00000000de388cd8, 0x00000000de388e00, 0x00000000e05c1000)
 Metaspace       used 90035K, capacity 96786K, committed 96896K, reserved 1132544K
  class space    used 12267K, capacity 14624K, committed 14720K, reserved 1048576K
Event: 8171,188 GC heap after
Heap after GC invocations=82 (full 8):
 def new generation   total 81344K, used 9024K [0x00000000c0000000, 0x00000000c5840000, 0x00000000d5550000)
  eden space 72320K,   0% used [0x00000000c0000000, 0x00000000c0000000, 0x00000000c46a0000)
  from space 9024K, 100% used [0x00000000c46a0000, 0x00000000c4f70000, 0x00000000c4f70000)
  to   space 9024K,   0% used [0x00000000c4f70000, 0x00000000c4f70000, 0x00000000c5840000)
 tenured generation   total 180676K, used 153556K [0x00000000d5550000, 0x00000000e05c1000, 0x0000000100000000)
   the space 180676K,  84% used [0x00000000d5550000, 0x00000000deb45008, 0x00000000deb45200, 0x00000000e05c1000)
 Metaspace       used 90035K, capacity 96786K, committed 96896K, reserved 1132544K
  class space    used 12267K, capacity 14624K, committed 14720K, reserved 1048576K
}
Event: 8172,189 GC heap before
{Heap before GC invocations=82 (full 8):
 def new generation   total 81344K, used 81344K [0x00000000c0000000, 0x00000000c5840000, 0x00000000d5550000)
  eden space 72320K, 100% used [0x00000000c0000000, 0x00000000c46a0000, 0x00000000c46a0000)
  from space 9024K, 100% used [0x00000000c46a0000, 0x00000000c4f70000, 0x00000000c4f70000)
  to   space 9024K,   0% used [0x00000000c4f70000, 0x00000000c4f70000, 0x00000000c5840000)
 tenured generation   total 180676K, used 153556K [0x00000000d5550000, 0x00000000e05c1000, 0x0000000100000000)
   the space 180676K,  84% used [0x00000000d5550000, 0x00000000deb45008, 0x00000000deb45200, 0x00000000e05c1000)
 Metaspace       used 92264K, capacity 99144K, committed 99328K, reserved 1134592K
  class space    used 12618K, capacity 15007K, committed 15104K, reserved 1048576K
Event: 8172,292 GC heap after
Heap after GC invocations=83 (full 8):
 def new generation   total 81344K, used 9023K [0x00000000c0000000, 0x00000000c5840000, 0x00000000d5550000)
  eden space 72320K,   0% used [0x00000000c0000000, 0x00000000c0000000, 0x00000000c46a0000)
  from space 9024K,  99% used [0x00000000c4f70000, 0x00000000c583fff8, 0x00000000c5840000)
  to   space 9024K,   0% used [0x00000000c46a0000, 0x00000000c46a0000, 0x00000000c4f70000)
 tenured generation   total 180676K, used 164753K [0x00000000d5550000, 0x00000000e05c1000, 0x0000000100000000)
   the space 180676K,  91% used [0x00000000d5550000, 0x00000000df634668, 0x00000000df634800, 0x00000000e05c1000)
 Metaspace       used 92264K, capacity 99144K, committed 99328K, reserved 1134592K
  class space    used 12618K, capacity 15007K, committed 15104K, reserved 1048576K
}
Event: 8246,302 GC heap before
{Heap before GC invocations=83 (full 8):
 def new generation   total 81344K, used 81343K [0x00000000c0000000, 0x00000000c5840000, 0x00000000d5550000)
  eden space 72320K, 100% used [0x00000000c0000000, 0x00000000c46a0000, 0x00000000c46a0000)
  from space 9024K,  99% used [0x00000000c4f70000, 0x00000000c583fff8, 0x00000000c5840000)
  to   space 9024K,   0% used [0x00000000c46a0000, 0x00000000c46a0000, 0x00000000c4f70000)
 tenured generation   total 180676K, used 164753K [0x00000000d5550000, 0x00000000e05c1000, 0x0000000100000000)
   the space 180676K,  91% used [0x00000000d5550000, 0x00000000df634668, 0x00000000df634800, 0x00000000e05c1000)
 Metaspace       used 94549K, capacity 101912K, committed 102016K, reserved 1136640K
  class space    used 12890K, capacity 15421K, committed 15488K, reserved 1048576K
Event: 8246,385 GC heap after
Heap after GC invocations=84 (full 8):
 def new generation   total 81344K, used 8793K [0x00000000c0000000, 0x00000000c5840000, 0x00000000d5550000)
  eden space 72320K,   0% used [0x00000000c0000000, 0x00000000c0000000, 0x00000000c46a0000)
  from space 9024K,  97% used [0x00000000c46a0000, 0x00000000c4f367f8, 0x00000000c4f70000)
  to   space 9024K,   0% used [0x00000000c4f70000, 0x00000000c4f70000, 0x00000000c5840000)
 tenured generation   total 180676K, used 173664K [0x00000000d5550000, 0x00000000e05c1000, 0x0000000100000000)
   the space 180676K,  96% used [0x00000000d5550000, 0x00000000dfee8080, 0x00000000dfee8200, 0x00000000e05c1000)
 Metaspace       used 94549K, capacity 101912K, committed 102016K, reserved 1136640K
  class space    used 12890K, capacity 15421K, committed 15488K, reserved 1048576K
}
Event: 8247,543 GC heap before
{Heap before GC invocations=84 (full 8):
 def new generation   total 81344K, used 81113K [0x00000000c0000000, 0x00000000c5840000, 0x00000000d5550000)
  eden space 72320K, 100% used [0x00000000c0000000, 0x00000000c46a0000, 0x00000000c46a0000)
  from space 9024K,  97% used [0x00000000c46a0000, 0x00000000c4f367f8, 0x00000000c4f70000)
  to   space 9024K,   0% used [0x00000000c4f70000, 0x00000000c4f70000, 0x00000000c5840000)
 tenured generation   total 180676K, used 173664K [0x00000000d5550000, 0x00000000e05c1000, 0x0000000100000000)
   the space 180676K,  96% used [0x00000000d5550000, 0x00000000dfee8080, 0x00000000dfee8200, 0x00000000e05c1000)
 Metaspace       used 96876K, capacity 104406K, committed 104704K, reserved 1138688K
  class space    used 13245K, capacity 15849K, committed 15872K, reserved 1048576K

